Arguments: 
  /usr/local/bin/node /usr/local/bin/yarn init

PATH: 
  /Users/sbin/.volta/bin:/Users/sbin/.volta/bin:/Users/sbin/.yarn/bin:/Users/sbin/.config/yarn/global/node_modules/.bin:/opt/local/bin:/opt/local/sbin:/usr/local/bin:/usr/bin:/bin:/usr/sbin:/sbin:/Applications/VMware Fusion.app/Contents/Public:/usr/local/go/bin:/usr/local/share/dotnet:~/.dotnet/tools:/Library/Apple/usr/bin:/Library/Frameworks/Mono.framework/Versions/Current/Commands:/Users/sbin/.volta/bin:/Users/sbin/.yarn/bin:/Users/sbin/.config/yarn/global/node_modules/.bin:/opt/local/bin:/opt/local/sbin:/Users/sbin/.local/bin:/Users/sbin/.fig/bin:/Users/sbin/flutter/bin:/Users/sbin/Library/Android/sdk/emulator:/Users/sbin/Library/Android/sdk/tools:/Users/sbin/Library/Android/sdk/tools/bin:/Users/sbin/Library/Android/sdk/platform-tools:/usr/local/mongdb/bin:/usr/local/Cellar/maven/3.6.3/libexec/bin:/Library/Java/JavaVirtualMachines/jdk1.8.0_162.jdk/Contents/Home/bin:/Users/sbin/dev/bin:/Users/sbin/.local/bin:/Users/sbin/.local/bin:/Users/sbin/flutter/bin:/Users/sbin/Library/Android/sdk/emulator:/Users/sbin/Library/Android/sdk/tools:/Users/sbin/Library/Android/sdk/tools/bin:/Users/sbin/Library/Android/sdk/platform-tools:/Users/sbin/.local/bin:/usr/local/mongdb/bin:/usr/local/Cellar/maven/3.6.3/libexec/bin:/Library/Java/JavaVirtualMachines/jdk1.8.0_162.jdk/Contents/Home/bin:/Users/sbin/dev/bin:/usr/local/go/bin:/Users/sbin/henzel/discord/flutter/bin:/Users/sbin/Library/Android/sdk/emulator:/Users/sbin/Library/Android/sdk/tools:/Users/sbin/Library/Android/sdk/tools/bin:/Users/sbin/Library/Android/sdk/platform-tools

Yarn version: 
  1.22.17

Node version: 
  16.14.0

Platform: 
  darwin x64

Trace: 
  Error: canceled
      at Interface.<anonymous> (/usr/local/lib/node_modules/yarn/lib/cli.js:137143:13)
      at Interface.emit (node:events:520:28)
      at Interface._ttyWrite (node:readline:1081:16)
      at ReadStream.onkeypress (node:readline:288:10)
      at ReadStream.emit (node:events:520:28)
      at emitKeys (node:internal/readline/utils:358:14)
      at emitKeys.next (<anonymous>)
      at ReadStream.onData (node:internal/readline/emitKeypressEvents:61:36)
      at ReadStream.emit (node:events:520:28)
      at addChunk (node:internal/streams/readable:315:12)

npm manifest: 
  No manifest

yarn manifest: 
  No manifest

Lockfile: 
  No lockfile
